<?xml version="1.0" encoding="UTF-8"?>
<testng-results skipped="0" failed="1" ignored="12" total="13" passed="0">
  <reporter-output>
  </reporter-output>
  <suite name="Default suite" duration-ms="14341" started-at="2018-10-01T21:23:31Z" finished-at="2018-10-01T21:23:45Z">
    <groups>
    </groups>
    <test name="Default test" duration-ms="14341" started-at="2018-10-01T21:23:31Z" finished-at="2018-10-01T21:23:45Z">
      <class name="com.bdtech.upstests.HomePageTest">
        <test-method status="PASS" signature="beforeSuite()[pri:0, instance:com.bdtech.upstests.HomePageTest@57fffcd7]" name="beforeSuite" is-config="true" duration-ms="15" started-at="2018-10-01T17:23:31Z" finished-at="2018-10-01T17:23:31Z">
          <reporter-output>
          </reporter-output>
        </test-method> <!-- beforeSuite -->
        <test-method status="PASS" signature="beforeClass()[pri:0, instance:com.bdtech.upstests.HomePageTest@57fffcd7]" name="beforeClass" is-config="true" duration-ms="0" started-at="2018-10-01T17:23:31Z" finished-at="2018-10-01T17:23:31Z">
          <reporter-output>
          </reporter-output>
        </test-method> <!-- beforeClass -->
        <test-method status="PASS" signature="beforeTest()[pri:0, instance:com.bdtech.upstests.HomePageTest@57fffcd7]" name="beforeTest" is-config="true" duration-ms="0" started-at="2018-10-01T17:23:31Z" finished-at="2018-10-01T17:23:31Z">
          <reporter-output>
          </reporter-output>
        </test-method> <!-- beforeTest -->
        <test-method status="PASS" signature="beforeMethod()[pri:0, instance:com.bdtech.upstests.HomePageTest@57fffcd7]" name="beforeMethod" is-config="true" duration-ms="13266" started-at="2018-10-01T17:23:31Z" finished-at="2018-10-01T17:23:44Z">
          <reporter-output>
          </reporter-output>
        </test-method> <!-- beforeMethod -->
        <test-method status="FAIL" signature="quickStartWithUpsTest()[pri:0, instance:com.bdtech.upstests.HomePageTest@57fffcd7]" name="quickStartWithUpsTest" duration-ms="220" started-at="2018-10-01T17:23:44Z" finished-at="2018-10-01T17:23:44Z">
          <exception class="org.openqa.selenium.ElementClickInterceptedException">
            <message>
              <![CDATA[Element <a href="/us/en/help-center/get-started-with-ups.page"> is not clickable at point (189.78333282470703,208.5500030517578) because another element <div id="uz_bg" class="uz_bg_transparent"> obscures it
Build info: version: '3.7.1', revision: '8a0099a', time: '2017-11-06T21:01:39.354Z'
System info: host: 'DESKTOP-GGT5FFC', ip: '192.168.0.3', os.name: 'Windows 10', os.arch: 'amd64', os.version: '10.0', java.version: '1.8.0_181'
Driver info: org.openqa.selenium.firefox.FirefoxDriver
Capabilities {acceptInsecureCerts: true, browserName: firefox, browserVersion: 62.0.2, javascriptEnabled: true, moz:accessibilityChecks: false, moz:headless: false, moz:processID: 1852, moz:profile: C:\Users\alokb\AppData\Loca..., moz:useNonSpecCompliantPointerOrigin: false, moz:webdriverClick: true, pageLoadStrategy: normal, platform: XP, platformName: XP, platformVersion: 10.0, rotatable: false, timeouts: {implicit: 0, pageLoad: 300000, script: 30000}}
Session ID: 5beb595d-ed7b-4744-8211-0873cbd0c3b4]]>
            </message>
            <full-stacktrace>
              <![CDATA[org.openqa.selenium.ElementClickInterceptedException: Element <a href="/us/en/help-center/get-started-with-ups.page"> is not clickable at point (189.78333282470703,208.5500030517578) because another element <div id="uz_bg" class="uz_bg_transparent"> obscures it
Build info: version: '3.7.1', revision: '8a0099a', time: '2017-11-06T21:01:39.354Z'
System info: host: 'DESKTOP-GGT5FFC', ip: '192.168.0.3', os.name: 'Windows 10', os.arch: 'amd64', os.version: '10.0', java.version: '1.8.0_181'
Driver info: org.openqa.selenium.firefox.FirefoxDriver
Capabilities {acceptInsecureCerts: true, browserName: firefox, browserVersion: 62.0.2, javascriptEnabled: true, moz:accessibilityChecks: false, moz:headless: false, moz:processID: 1852, moz:profile: C:\Users\alokb\AppData\Loca..., moz:useNonSpecCompliantPointerOrigin: false, moz:webdriverClick: true, pageLoadStrategy: normal, platform: XP, platformName: XP, platformVersion: 10.0, rotatable: false, timeouts: {implicit: 0, pageLoad: 300000, script: 30000}}
Session ID: 5beb595d-ed7b-4744-8211-0873cbd0c3b4
	at sun.reflect.NativeConstructorAccessorImpl.newInstance0(Native Method)
	at sun.reflect.NativeConstructorAccessorImpl.newInstance(Unknown Source)
	at sun.reflect.DelegatingConstructorAccessorImpl.newInstance(Unknown Source)
	at java.lang.reflect.Constructor.newInstance(Unknown Source)
	at org.openqa.selenium.remote.http.W3CHttpResponseCodec.createException(W3CHttpResponseCodec.java:187)
	at org.openqa.selenium.remote.http.W3CHttpResponseCodec.decode(W3CHttpResponseCodec.java:122)
	at org.openqa.selenium.remote.http.W3CHttpResponseCodec.decode(W3CHttpResponseCodec.java:49)
	at org.openqa.selenium.remote.HttpCommandExecutor.execute(HttpCommandExecutor.java:164)
	at org.openqa.selenium.remote.service.DriverCommandExecutor.execute(DriverCommandExecutor.java:83)
	at org.openqa.selenium.remote.RemoteWebDriver.execute(RemoteWebDriver.java:600)
	at org.openqa.selenium.remote.RemoteWebElement.execute(RemoteWebElement.java:279)
	at org.openqa.selenium.remote.RemoteWebElement.click(RemoteWebElement.java:83)
	at com.bdtech.pageaction.HomePageAction.getStartWithUps(HomePageAction.java:81)
	at com.bdtech.upstests.HomePageTest.quickStartWithUpsTest(HomePageTest.java:46)
	at sun.reflect.NativeMethodAccessorImpl.invoke0(Native Method)
	at sun.reflect.NativeMethodAccessorImpl.invoke(Unknown Source)
	at sun.reflect.DelegatingMethodAccessorImpl.invoke(Unknown Source)
	at java.lang.reflect.Method.invoke(Unknown Source)
	at org.testng.internal.MethodInvocationHelper.invokeMethod(MethodInvocationHelper.java:104)
	at org.testng.internal.Invoker.invokeMethod(Invoker.java:645)
	at org.testng.internal.Invoker.invokeTestMethod(Invoker.java:851)
	at org.testng.internal.Invoker.invokeTestMethods(Invoker.java:1177)
	at org.testng.internal.TestMethodWorker.invokeTestMethods(TestMethodWorker.java:129)
	at org.testng.internal.TestMethodWorker.run(TestMethodWorker.java:112)
	at org.testng.TestRunner.privateRun(TestRunner.java:756)
	at org.testng.TestRunner.run(TestRunner.java:610)
	at org.testng.SuiteRunner.runTest(SuiteRunner.java:387)
	at org.testng.SuiteRunner.runSequentially(SuiteRunner.java:382)
	at org.testng.SuiteRunner.privateRun(SuiteRunner.java:340)
	at org.testng.SuiteRunner.run(SuiteRunner.java:289)
	at org.testng.SuiteRunnerWorker.runSuite(SuiteRunnerWorker.java:52)
	at org.testng.SuiteRunnerWorker.run(SuiteRunnerWorker.java:86)
	at org.testng.TestNG.runSuitesSequentially(TestNG.java:1293)
	at org.testng.TestNG.runSuitesLocally(TestNG.java:1218)
	at org.testng.TestNG.runSuites(TestNG.java:1133)
	at org.testng.TestNG.run(TestNG.java:1104)
	at org.testng.remote.AbstractRemoteTestNG.run(AbstractRemoteTestNG.java:114)
	at org.testng.remote.RemoteTestNG.initAndRun(RemoteTestNG.java:251)
	at org.testng.remote.RemoteTestNG.main(RemoteTestNG.java:77)
]]>
            </full-stacktrace>
          </exception> <!-- org.openqa.selenium.ElementClickInterceptedException -->
          <reporter-output>
          </reporter-output>
        </test-method> <!-- quickStartWithUpsTest -->
        <test-method status="PASS" signature="afterMethod()[pri:0, instance:com.bdtech.upstests.HomePageTest@57fffcd7]" name="afterMethod" is-config="true" duration-ms="831" started-at="2018-10-01T17:23:44Z" finished-at="2018-10-01T17:23:45Z">
          <reporter-output>
          </reporter-output>
        </test-method> <!-- afterMethod -->
        <test-method status="PASS" signature="afterClass()[pri:0, instance:com.bdtech.upstests.HomePageTest@57fffcd7]" name="afterClass" is-config="true" duration-ms="0" started-at="2018-10-01T17:23:45Z" finished-at="2018-10-01T17:23:45Z">
          <reporter-output>
          </reporter-output>
        </test-method> <!-- afterClass -->
        <test-method status="PASS" signature="afterTest()[pri:0, instance:com.bdtech.upstests.HomePageTest@57fffcd7]" name="afterTest" is-config="true" duration-ms="0" started-at="2018-10-01T17:23:45Z" finished-at="2018-10-01T17:23:45Z">
          <reporter-output>
          </reporter-output>
        </test-method> <!-- afterTest -->
        <test-method status="PASS" signature="afterSuite()[pri:0, instance:com.bdtech.upstests.HomePageTest@57fffcd7]" name="afterSuite" is-config="true" duration-ms="0" started-at="2018-10-01T17:23:45Z" finished-at="2018-10-01T17:23:45Z">
          <reporter-output>
          </reporter-output>
        </test-method> <!-- afterSuite -->
      </class> <!-- com.bdtech.upstests.HomePageTest -->
    </test> <!-- Default test -->
  </suite> <!-- Default suite -->
</testng-results>
